# JRE version: Java(TM) SE Runtime Environment (8.0_281-b09) (build 1.8.0_281-b09)
# Java VM: Java HotSpot(TM) 64-Bit Server VM (25.281-b09 mixed mode windows-amd64 compressed oops)
Heap:
 PSYoungGen      total 107520K, used 97805K [0x00000000d6300000, 0x00000000df180000, 0x0000000100000000)
  eden space 101888K, 90% used [0x00000000d6300000,0x00000000dbd31490,0x00000000dc680000)
  from space 5632K, 96% used [0x00000000dec00000,0x00000000df1522d0,0x00000000df180000)
  to   space 8704K, 0% used [0x00000000de080000,0x00000000de080000,0x00000000de900000)
 ParOldGen       total 57856K, used 8153K [0x0000000082800000, 0x0000000086080000, 0x00000000d6300000)
  object space 57856K, 14% used [0x0000000082800000,0x0000000082ff6420,0x0000000086080000)
 Metaspace       used 29294K, capacity 31304K, committed 31408K, reserved 1077248K
  class space    used 3912K, capacity 4269K, committed 4272K, reserved 1048576K
GC Heap History (10 events):
Event: 1.324 GC heap before
{Heap before GC invocations=3 (full 0):
 PSYoungGen      total 37888K, used 37867K [0x00000000d6300000, 0x00000000dad00000, 0x0000000100000000)
  eden space 32768K, 100% used [0x00000000d6300000,0x00000000d8300000,0x00000000d8300000)
  from space 5120K, 99% used [0x00000000d8800000,0x00000000d8cfafa0,0x00000000d8d00000)
  to   space 5120K, 0% used [0x00000000d8300000,0x00000000d8300000,0x00000000d8800000)
 ParOldGen       total 86016K, used 117K [0x0000000082800000, 0x0000000087c00000, 0x00000000d6300000)
  object space 86016K, 0% used [0x0000000082800000,0x000000008281d608,0x0000000087c00000)
 Metaspace       used 16102K, capacity 16732K, committed 16896K, reserved 1064960K
  class space    used 2059K, capacity 2200K, committed 2304K, reserved 1048576K
Event: 1.329 GC heap after
Heap after GC invocations=3 (full 0):
 PSYoungGen      total 37888K, used 5111K [0x00000000d6300000, 0x00000000dad00000, 0x0000000100000000)
  eden space 32768K, 0% used [0x00000000d6300000,0x00000000d6300000,0x00000000d8300000)
  from space 5120K, 99% used [0x00000000d8300000,0x00000000d87fdd60,0x00000000d8800000)
  to   space 5120K, 0% used [0x00000000da800000,0x00000000da800000,0x00000000dad00000)
 ParOldGen       total 86016K, used 638K [0x0000000082800000, 0x0000000087c00000, 0x00000000d6300000)
  object space 86016K, 0% used [0x0000000082800000,0x000000008289f930,0x0000000087c00000)
 Metaspace       used 16102K, capacity 16732K, committed 16896K, reserved 1064960K
  class space    used 2059K, capacity 2200K, committed 2304K, reserved 1048576K
}
Event: 1.450 GC heap before
{Heap before GC invocations=4 (full 0):
 PSYoungGen      total 37888K, used 37879K [0x00000000d6300000, 0x00000000dad00000, 0x0000000100000000)
  eden space 32768K, 100% used [0x00000000d6300000,0x00000000d8300000,0x00000000d8300000)
  from space 5120K, 99% used [0x00000000d8300000,0x00000000d87fdd60,0x00000000d8800000)
  to   space 5120K, 0% used [0x00000000da800000,0x00000000da800000,0x00000000dad00000)
 ParOldGen       total 86016K, used 638K [0x0000000082800000, 0x0000000087c00000, 0x00000000d6300000)
  object space 86016K, 0% used [0x0000000082800000,0x000000008289f930,0x0000000087c00000)
 Metaspace       used 18178K, capacity 18892K, committed 19200K, reserved 1067008K
  class space    used 2309K, capacity 2486K, committed 2560K, reserved 1048576K
Event: 1.455 GC heap after
Heap after GC invocations=4 (full 0):
 PSYoungGen      total 70656K, used 5105K [0x00000000d6300000, 0x00000000dad00000, 0x0000000100000000)
  eden space 65536K, 0% used [0x00000000d6300000,0x00000000d6300000,0x00000000da300000)
  from space 5120K, 99% used [0x00000000da800000,0x00000000dacfc5b8,0x00000000dad00000)
  to   space 5120K, 0% used [0x00000000da300000,0x00000000da300000,0x00000000da800000)
 ParOldGen       total 86016K, used 1968K [0x0000000082800000, 0x0000000087c00000, 0x00000000d6300000)
  object space 86016K, 2% used [0x0000000082800000,0x00000000829ec288,0x0000000087c00000)
 Metaspace       used 18178K, capacity 18892K, committed 19200K, reserved 1067008K
  class space    used 2309K, capacity 2486K, committed 2560K, reserved 1048576K
}
Event: 1.726 GC heap before
{Heap before GC invocations=5 (full 0):
 PSYoungGen      total 70656K, used 50578K [0x00000000d6300000, 0x00000000dad00000, 0x0000000100000000)
  eden space 65536K, 69% used [0x00000000d6300000,0x00000000d8f684c8,0x00000000da300000)
  from space 5120K, 99% used [0x00000000da800000,0x00000000dacfc5b8,0x00000000dad00000)
  to   space 5120K, 0% used [0x00000000da300000,0x00000000da300000,0x00000000da800000)
 ParOldGen       total 86016K, used 1968K [0x0000000082800000, 0x0000000087c00000, 0x00000000d6300000)
  object space 86016K, 2% used [0x0000000082800000,0x00000000829ec288,0x0000000087c00000)
 Metaspace       used 20455K, capacity 21292K, committed 21296K, reserved 1067008K
  class space    used 2655K, capacity 2864K, committed 2864K, reserved 1048576K
Event: 1.734 GC heap after
Heap after GC invocations=5 (full 0):
 PSYoungGen      total 70656K, used 5093K [0x00000000d6300000, 0x00000000df500000, 0x0000000100000000)
  eden space 65536K, 0% used [0x00000000d6300000,0x00000000d6300000,0x00000000da300000)
  from space 5120K, 99% used [0x00000000da300000,0x00000000da7f96a8,0x00000000da800000)
  to   space 9216K, 0% used [0x00000000dec00000,0x00000000dec00000,0x00000000df500000)
 ParOldGen       total 86016K, used 5152K [0x0000000082800000, 0x0000000087c00000, 0x00000000d6300000)
  object space 86016K, 5% used [0x0000000082800000,0x0000000082d080f8,0x0000000087c00000)
 Metaspace       used 20455K, capacity 21292K, committed 21296K, reserved 1067008K
  class space    used 2655K, capacity 2864K, committed 2864K, reserved 1048576K
}
Event: 1.734 GC heap before
{Heap before GC invocations=6 (full 1):
 PSYoungGen      total 70656K, used 5093K [0x00000000d6300000, 0x00000000df500000, 0x0000000100000000)
  eden space 65536K, 0% used [0x00000000d6300000,0x00000000d6300000,0x00000000da300000)
  from space 5120K, 99% used [0x00000000da300000,0x00000000da7f96a8,0x00000000da800000)
  to   space 9216K, 0% used [0x00000000dec00000,0x00000000dec00000,0x00000000df500000)
 ParOldGen       total 86016K, used 5152K [0x0000000082800000, 0x0000000087c00000, 0x00000000d6300000)
  object space 86016K, 5% used [0x0000000082800000,0x0000000082d080f8,0x0000000087c00000)
 Metaspace       used 20455K, capacity 21292K, committed 21296K, reserved 1067008K
  class space    used 2655K, capacity 2864K, committed 2864K, reserved 1048576K
Event: 1.762 GC heap after
Heap after GC invocations=6 (full 1):
 PSYoungGen      total 70656K, used 0K [0x00000000d6300000, 0x00000000df500000, 0x0000000100000000)
  eden space 65536K, 0% used [0x00000000d6300000,0x00000000d6300000,0x00000000da300000)
  from space 5120K, 0% used [0x00000000da300000,0x00000000da300000,0x00000000da800000)
  to   space 9216K, 0% used [0x00000000dec00000,0x00000000dec00000,0x00000000df500000)
 ParOldGen       total 57856K, used 8145K [0x0000000082800000, 0x0000000086080000, 0x00000000d6300000)
  object space 57856K, 14% used [0x0000000082800000,0x0000000082ff4420,0x0000000086080000)
 Metaspace       used 20455K, capacity 21292K, committed 21296K, reserved 1067008K
  class space    used 2655K, capacity 2864K, committed 2864K, reserved 1048576K
}
Event: 2.230 GC heap before
{Heap before GC invocations=7 (full 1):
 PSYoungGen      total 70656K, used 65536K [0x00000000d6300000, 0x00000000df500000, 0x0000000100000000)
  eden space 65536K, 100% used [0x00000000d6300000,0x00000000da300000,0x00000000da300000)
  from space 5120K, 0% used [0x00000000da300000,0x00000000da300000,0x00000000da800000)
  to   space 9216K, 0% used [0x00000000dec00000,0x00000000dec00000,0x00000000df500000)
 ParOldGen       total 57856K, used 8145K [0x0000000082800000, 0x0000000086080000, 0x00000000d6300000)
  object space 57856K, 14% used [0x0000000082800000,0x0000000082ff4420,0x0000000086080000)
 Metaspace       used 23928K, capacity 25436K, committed 25648K, reserved 1071104K
  class space    used 3211K, capacity 3516K, committed 3632K, reserved 1048576K
Event: 2.234 GC heap after
Heap after GC invocations=7 (full 1):
 PSYoungGen      total 107520K, used 5448K [0x00000000d6300000, 0x00000000df180000, 0x0000000100000000)
  eden space 101888K, 0% used [0x00000000d6300000,0x00000000d6300000,0x00000000dc680000)
  from space 5632K, 96% used [0x00000000dec00000,0x00000000df1522d0,0x00000000df180000)
  to   space 8704K, 0% used [0x00000000de080000,0x00000000de080000,0x00000000de900000)
 ParOldGen       total 57856K, used 8153K [0x0000000082800000, 0x0000000086080000, 0x00000000d6300000)
  object space 57856K, 14% used [0x0000000082800000,0x0000000082ff6420,0x0000000086080000)
 Metaspace       used 23928K, capacity 25436K, committed 25648K, reserved 1071104K
  class space    used 3211K, capacity 3516K, committed 3632K, reserved 1048576K
}

