# JRE version: Java(TM) SE Runtime Environment (8.0_281-b09) (build 1.8.0_281-b09)
# Java VM: Java HotSpot(TM) 64-Bit Server VM (25.281-b09 mixed mode windows-amd64 compressed oops)
Heap:
 PSYoungGen      total 146432K, used 33182K [0x00000000d6300000, 0x00000000e2700000, 0x0000000100000000)
  eden space 135680K, 24% used [0x00000000d6300000,0x00000000d8367ae0,0x00000000de780000)
  from space 10752K, 0% used [0x00000000df300000,0x00000000df300000,0x00000000dfd80000)
  to   space 11776K, 0% used [0x00000000de780000,0x00000000de780000,0x00000000df300000)
 ParOldGen       total 89600K, used 14285K [0x0000000082800000, 0x0000000087f80000, 0x00000000d6300000)
  object space 89600K, 15% used [0x0000000082800000,0x00000000835f34f0,0x0000000087f80000)
 Metaspace       used 35682K, capacity 37882K, committed 37936K, reserved 1081344K
  class space    used 4727K, capacity 5129K, committed 5168K, reserved 1048576K
GC Heap History (10 events):
Event: 1.758 GC heap before
{Heap before GC invocations=6 (full 1):
 PSYoungGen      total 70656K, used 5109K [0x00000000d6300000, 0x00000000df500000, 0x0000000100000000)
  eden space 65536K, 0% used [0x00000000d6300000,0x00000000d6300000,0x00000000da300000)
  from space 5120K, 99% used [0x00000000da300000,0x00000000da7fd698,0x00000000da800000)
  to   space 9216K, 0% used [0x00000000dec00000,0x00000000dec00000,0x00000000df500000)
 ParOldGen       total 86016K, used 5047K [0x0000000082800000, 0x0000000087c00000, 0x00000000d6300000)
  object space 86016K, 5% used [0x0000000082800000,0x0000000082cedc80,0x0000000087c00000)
 Metaspace       used 20470K, capacity 21290K, committed 21296K, reserved 1067008K
  class space    used 2654K, capacity 2863K, committed 2864K, reserved 1048576K
Event: 1.809 GC heap after
Heap after GC invocations=6 (full 1):
 PSYoungGen      total 70656K, used 0K [0x00000000d6300000, 0x00000000df500000, 0x0000000100000000)
  eden space 65536K, 0% used [0x00000000d6300000,0x00000000d6300000,0x00000000da300000)
  from space 5120K, 0% used [0x00000000da300000,0x00000000da300000,0x00000000da800000)
  to   space 9216K, 0% used [0x00000000dec00000,0x00000000dec00000,0x00000000df500000)
 ParOldGen       total 59904K, used 8093K [0x0000000082800000, 0x0000000086280000, 0x00000000d6300000)
  object space 59904K, 13% used [0x0000000082800000,0x0000000082fe7520,0x0000000086280000)
 Metaspace       used 20470K, capacity 21290K, committed 21296K, reserved 1067008K
  class space    used 2654K, capacity 2863K, committed 2864K, reserved 1048576K
}
Event: 2.261 GC heap before
{Heap before GC invocations=7 (full 1):
 PSYoungGen      total 70656K, used 65536K [0x00000000d6300000, 0x00000000df500000, 0x0000000100000000)
  eden space 65536K, 100% used [0x00000000d6300000,0x00000000da300000,0x00000000da300000)
  from space 5120K, 0% used [0x00000000da300000,0x00000000da300000,0x00000000da800000)
  to   space 9216K, 0% used [0x00000000dec00000,0x00000000dec00000,0x00000000df500000)
 ParOldGen       total 59904K, used 8093K [0x0000000082800000, 0x0000000086280000, 0x00000000d6300000)
  object space 59904K, 13% used [0x0000000082800000,0x0000000082fe7520,0x0000000086280000)
 Metaspace       used 23930K, capacity 25404K, committed 25648K, reserved 1071104K
  class space    used 3207K, capacity 3510K, committed 3632K, reserved 1048576K
Event: 2.267 GC heap after
Heap after GC invocations=7 (full 1):
 PSYoungGen      total 102400K, used 5436K [0x00000000d6300000, 0x00000000df180000, 0x0000000100000000)
  eden space 96768K, 0% used [0x00000000d6300000,0x00000000d6300000,0x00000000dc180000)
  from space 5632K, 96% used [0x00000000dec00000,0x00000000df14f198,0x00000000df180000)
  to   space 8704K, 0% used [0x00000000de080000,0x00000000de080000,0x00000000de900000)
 ParOldGen       total 59904K, used 8101K [0x0000000082800000, 0x0000000086280000, 0x00000000d6300000)
  object space 59904K, 13% used [0x0000000082800000,0x0000000082fe9520,0x0000000086280000)
 Metaspace       used 23930K, capacity 25404K, committed 25648K, reserved 1071104K
  class space    used 3207K, capacity 3510K, committed 3632K, reserved 1048576K
}
Event: 21.316 GC heap before
{Heap before GC invocations=8 (full 1):
 PSYoungGen      total 102400K, used 102204K [0x00000000d6300000, 0x00000000df180000, 0x0000000100000000)
  eden space 96768K, 100% used [0x00000000d6300000,0x00000000dc180000,0x00000000dc180000)
  from space 5632K, 96% used [0x00000000dec00000,0x00000000df14f198,0x00000000df180000)
  to   space 8704K, 0% used [0x00000000de080000,0x00000000de080000,0x00000000de900000)
 ParOldGen       total 59904K, used 8101K [0x0000000082800000, 0x0000000086280000, 0x00000000d6300000)
  object space 59904K, 13% used [0x0000000082800000,0x0000000082fe9520,0x0000000086280000)
 Metaspace       used 29746K, capacity 31778K, committed 32048K, reserved 1077248K
  class space    used 3954K, capacity 4300K, committed 4400K, reserved 1048576K
Event: 21.334 GC heap after
Heap after GC invocations=8 (full 1):
 PSYoungGen      total 137216K, used 8674K [0x00000000d6300000, 0x00000000dfd80000, 0x0000000100000000)
  eden space 128512K, 0% used [0x00000000d6300000,0x00000000d6300000,0x00000000de080000)
  from space 8704K, 99% used [0x00000000de080000,0x00000000de8f89d0,0x00000000de900000)
  to   space 10752K, 0% used [0x00000000df300000,0x00000000df300000,0x00000000dfd80000)
 ParOldGen       total 59904K, used 10083K [0x0000000082800000, 0x0000000086280000, 0x00000000d6300000)
  object space 59904K, 16% used [0x0000000082800000,0x00000000831d8cf8,0x0000000086280000)
 Metaspace       used 29746K, capacity 31778K, committed 32048K, reserved 1077248K
  class space    used 3954K, capacity 4300K, committed 4400K, reserved 1048576K
}
Event: 22.390 GC heap before
{Heap before GC invocations=9 (full 1):
 PSYoungGen      total 137216K, used 51103K [0x00000000d6300000, 0x00000000dfd80000, 0x0000000100000000)
  eden space 128512K, 33% used [0x00000000d6300000,0x00000000d8c6f250,0x00000000de080000)
  from space 8704K, 99% used [0x00000000de080000,0x00000000de8f89d0,0x00000000de900000)
  to   space 10752K, 0% used [0x00000000df300000,0x00000000df300000,0x00000000dfd80000)
 ParOldGen       total 59904K, used 10083K [0x0000000082800000, 0x0000000086280000, 0x00000000d6300000)
  object space 59904K, 16% used [0x0000000082800000,0x00000000831d8cf8,0x0000000086280000)
 Metaspace       used 33330K, capacity 35394K, committed 35496K, reserved 1079296K
  class space    used 4405K, capacity 4823K, committed 4912K, reserved 1048576K
Event: 22.401 GC heap after
Heap after GC invocations=9 (full 1):
 PSYoungGen      total 146432K, used 10320K [0x00000000d6300000, 0x00000000e2700000, 0x0000000100000000)
  eden space 135680K, 0% used [0x00000000d6300000,0x00000000d6300000,0x00000000de780000)
  from space 10752K, 95% used [0x00000000df300000,0x00000000dfd14078,0x00000000dfd80000)
  to   space 11776K, 0% used [0x00000000de780000,0x00000000de780000,0x00000000df300000)
 ParOldGen       total 59904K, used 10091K [0x0000000082800000, 0x0000000086280000, 0x00000000d6300000)
  object space 59904K, 16% used [0x0000000082800000,0x00000000831dacf8,0x0000000086280000)
 Metaspace       used 33330K, capacity 35394K, committed 35496K, reserved 1079296K
  class space    used 4405K, capacity 4823K, committed 4912K, reserved 1048576K
}
Event: 22.401 GC heap before
{Heap before GC invocations=10 (full 2):
 PSYoungGen      total 146432K, used 10320K [0x00000000d6300000, 0x00000000e2700000, 0x0000000100000000)
  eden space 135680K, 0% used [0x00000000d6300000,0x00000000d6300000,0x00000000de780000)
  from space 10752K, 95% used [0x00000000df300000,0x00000000dfd14078,0x00000000dfd80000)
  to   space 11776K, 0% used [0x00000000de780000,0x00000000de780000,0x00000000df300000)
 ParOldGen       total 59904K, used 10091K [0x0000000082800000, 0x0000000086280000, 0x00000000d6300000)
  object space 59904K, 16% used [0x0000000082800000,0x00000000831dacf8,0x0000000086280000)
 Metaspace       used 33330K, capacity 35394K, committed 35496K, reserved 1079296K
  class space    used 4405K, capacity 4823K, committed 4912K, reserved 1048576K
Event: 22.478 GC heap after
Heap after GC invocations=10 (full 2):
 PSYoungGen      total 146432K, used 0K [0x00000000d6300000, 0x00000000e2700000, 0x0000000100000000)
  eden space 135680K, 0% used [0x00000000d6300000,0x00000000d6300000,0x00000000de780000)
  from space 10752K, 0% used [0x00000000df300000,0x00000000df300000,0x00000000dfd80000)
  to   space 11776K, 0% used [0x00000000de780000,0x00000000de780000,0x00000000df300000)
 ParOldGen       total 89600K, used 14285K [0x0000000082800000, 0x0000000087f80000, 0x00000000d6300000)
  object space 89600K, 15% used [0x0000000082800000,0x00000000835f34f0,0x0000000087f80000)
 Metaspace       used 33330K, capacity 35394K, committed 35496K, reserved 1079296K
  class space    used 4405K, capacity 4823K, committed 4912K, reserved 1048576K
}

